01-Dec-2025 18:09:56.082 INFO [main] org.apache.catalina.startup.VersionLoggerListener.log Server version name:   Apache Tomcat/10.1.49
01-Dec-2025 18:09:56.085 INFO [main] org.apache.catalina.startup.VersionLoggerListener.log Server built:          Nov 6 2025 01:31:11 UTC
01-Dec-2025 18:09:56.085 INFO [main] org.apache.catalina.startup.VersionLoggerListener.log Server version number: 10.1.49.0
01-Dec-2025 18:09:56.085 INFO [main] org.apache.catalina.startup.VersionLoggerListener.log OS Name:               Windows 10
01-Dec-2025 18:09:56.085 INFO [main] org.apache.catalina.startup.VersionLoggerListener.log OS Version:            10.0
01-Dec-2025 18:09:56.086 INFO [main] org.apache.catalina.startup.VersionLoggerListener.log Architecture:          amd64
01-Dec-2025 18:09:56.086 INFO [main] org.apache.catalina.startup.VersionLoggerListener.log Java Home:             C:\Users\Кирилл\.jdks\openjdk-24.0.1
01-Dec-2025 18:09:56.086 INFO [main] org.apache.catalina.startup.VersionLoggerListener.log JVM Version:           24.0.1+9-30
01-Dec-2025 18:09:56.086 INFO [main] org.apache.catalina.startup.VersionLoggerListener.log JVM Vendor:            Oracle Corporation
01-Dec-2025 18:09:56.086 INFO [main] org.apache.catalina.startup.VersionLoggerListener.log CATALINA_BASE:         D:\TOMCAT\apache-tomcat-10.1.49-windows-x64\apache-tomcat-10.1.49\conf
01-Dec-2025 18:09:56.086 INFO [main] org.apache.catalina.startup.VersionLoggerListener.log CATALINA_HOME:         D:\TOMCAT\apache-tomcat-10.1.49-windows-x64\apache-tomcat-10.1.49
01-Dec-2025 18:09:56.097 INFO [main] org.apache.catalina.startup.VersionLoggerListener.log Command line argument: --add-opens=java.base/java.lang=ALL-UNNAMED
01-Dec-2025 18:09:56.097 INFO [main] org.apache.catalina.startup.VersionLoggerListener.log Command line argument: --add-opens=java.base/java.io=ALL-UNNAMED
01-Dec-2025 18:09:56.098 INFO [main] org.apache.catalina.startup.VersionLoggerListener.log Command line argument: --add-opens=java.base/java.util=ALL-UNNAMED
01-Dec-2025 18:09:56.098 INFO [main] org.apache.catalina.startup.VersionLoggerListener.log Command line argument: --add-opens=java.base/java.util.concurrent=ALL-UNNAMED
01-Dec-2025 18:09:56.098 INFO [main] org.apache.catalina.startup.VersionLoggerListener.log Command line argument: --add-opens=java.rmi/sun.rmi.transport=ALL-UNNAMED
01-Dec-2025 18:09:56.098 INFO [main] org.apache.catalina.startup.VersionLoggerListener.log Command line argument: -Dcatalina.home=D:\TOMCAT\apache-tomcat-10.1.49-windows-x64\apache-tomcat-10.1.49
01-Dec-2025 18:09:56.098 INFO [main] org.apache.catalina.startup.VersionLoggerListener.log Command line argument: -Dcatalina.base=D:\TOMCAT\apache-tomcat-10.1.49-windows-x64\apache-tomcat-10.1.49\conf
01-Dec-2025 18:09:56.098 INFO [main] org.apache.catalina.startup.VersionLoggerListener.log Command line argument: -Djava.io.tmpdir=D:\TOMCAT\apache-tomcat-10.1.49-windows-x64\apache-tomcat-10.1.49\conf\temp
01-Dec-2025 18:09:56.098 INFO [main] org.apache.catalina.startup.VersionLoggerListener.log Command line argument: -Djava.util.logging.config.file=D:\TOMCAT\apache-tomcat-10.1.49-windows-x64\apache-tomcat-10.1.49\conf\conf\logging.properties
01-Dec-2025 18:09:56.098 INFO [main] org.apache.catalina.startup.VersionLoggerListener.log Command line argument: -Djava.util.logging.manager=org.apache.juli.ClassLoaderLogManager
01-Dec-2025 18:09:56.099 INFO [main] org.apache.catalina.startup.VersionLoggerListener.log Command line argument: -javaagent:C:\Program Files\JetBrains\IntelliJ IDEA 2025.2.3\lib\idea_rt.jar=51262
01-Dec-2025 18:09:56.099 INFO [main] org.apache.catalina.startup.VersionLoggerListener.log Command line argument: -Dfile.encoding=UTF-8
01-Dec-2025 18:09:56.099 INFO [main] org.apache.catalina.startup.VersionLoggerListener.log Command line argument: -Dsun.stdout.encoding=UTF-8
01-Dec-2025 18:09:56.099 INFO [main] org.apache.catalina.startup.VersionLoggerListener.log Command line argument: -Dsun.stderr.encoding=UTF-8
01-Dec-2025 18:09:57.278 INFO [main] org.apache.catalina.core.AprLifecycleListener.lifecycleEvent Loaded Apache Tomcat Native library [2.0.9] using APR version [1.7.6].
01-Dec-2025 18:09:57.358 INFO [main] org.apache.catalina.core.AprLifecycleListener.initializeSSL OpenSSL successfully initialized [OpenSSL 3.5.0 8 Apr 2025]
01-Dec-2025 18:09:57.784 INFO [main] org.apache.coyote.AbstractProtocol.init Initializing ProtocolHandler ["http-nio-8080"]
01-Dec-2025 18:09:57.801 INFO [main] org.apache.catalina.startup.Catalina.load Server initialization in [2054] milliseconds
01-Dec-2025 18:09:57.861 INFO [main] org.apache.catalina.core.StandardService.startInternal Starting service [Catalina]
01-Dec-2025 18:09:57.861 INFO [main] org.apache.catalina.core.StandardEngine.startInternal Starting Servlet engine: [Apache Tomcat/10.1.49]
01-Dec-2025 18:09:57.872 INFO [main] org.apache.catalina.startup.HostConfig.deployDescriptor Deploying deployment descriptor [D:\TOMCAT\apache-tomcat-10.1.49-windows-x64\apache-tomcat-10.1.49\conf\conf\Catalina\localhost\WebDev3.xml]
01-Dec-2025 18:09:58.457 INFO [main] org.apache.jasper.servlet.TldScanner.scanJars At least one JAR was scanned for TLDs yet contained no TLDs. Enable debug logging for this logger for a complete list of JARs that were scanned but no TLDs were found in them. Skipping unneeded JARs during scanning can improve startup time and JSP compilation time.
01-Dec-2025 18:09:58.523 INFO [main] org.apache.catalina.startup.HostConfig.deployDescriptor Deployment of deployment descriptor [D:\TOMCAT\apache-tomcat-10.1.49-windows-x64\apache-tomcat-10.1.49\conf\conf\Catalina\localhost\WebDev3.xml] has finished in [649] ms
01-Dec-2025 18:09:58.526 INFO [main] org.apache.coyote.AbstractProtocol.start Starting ProtocolHandler ["http-nio-8080"]
01-Dec-2025 18:09:58.552 INFO [main] org.apache.catalina.startup.Catalina.start Server startup in [750] milliseconds
01-Dec-2025 18:15:12.946 INFO [Thread-1] org.apache.coyote.AbstractProtocol.pause Pausing ProtocolHandler ["http-nio-8080"]
01-Dec-2025 18:15:12.950 INFO [Thread-1] org.apache.catalina.core.StandardService.stopInternal Stopping service [Catalina]
01-Dec-2025 18:15:12.962 INFO [Thread-1] org.apache.coyote.AbstractProtocol.stop Stopping ProtocolHandler ["http-nio-8080"]
01-Dec-2025 18:15:12.972 INFO [Thread-1] org.apache.coyote.AbstractProtocol.destroy Destroying ProtocolHandler ["http-nio-8080"]
