07-Dec-2025 17:48:32.169 INFO [main] org.apache.catalina.startup.VersionLoggerListener.log Server version name:   Apache Tomcat/10.1.49
07-Dec-2025 17:48:32.172 INFO [main] org.apache.catalina.startup.VersionLoggerListener.log Server built:          Nov 6 2025 01:31:11 UTC
07-Dec-2025 17:48:32.173 INFO [main] org.apache.catalina.startup.VersionLoggerListener.log Server version number: 10.1.49.0
07-Dec-2025 17:48:32.173 INFO [main] org.apache.catalina.startup.VersionLoggerListener.log OS Name:               Windows 10
07-Dec-2025 17:48:32.173 INFO [main] org.apache.catalina.startup.VersionLoggerListener.log OS Version:            10.0
07-Dec-2025 17:48:32.173 INFO [main] org.apache.catalina.startup.VersionLoggerListener.log Architecture:          amd64
07-Dec-2025 17:48:32.173 INFO [main] org.apache.catalina.startup.VersionLoggerListener.log Java Home:             C:\Users\Кирилл\.jdks\openjdk-24.0.1
07-Dec-2025 17:48:32.173 INFO [main] org.apache.catalina.startup.VersionLoggerListener.log JVM Version:           24.0.1+9-30
07-Dec-2025 17:48:32.173 INFO [main] org.apache.catalina.startup.VersionLoggerListener.log JVM Vendor:            Oracle Corporation
07-Dec-2025 17:48:32.173 INFO [main] org.apache.catalina.startup.VersionLoggerListener.log CATALINA_BASE:         C:\Users\Кирилл\IdeaProjects\WebDev3\src\main\webapp
07-Dec-2025 17:48:32.174 INFO [main] org.apache.catalina.startup.VersionLoggerListener.log CATALINA_HOME:         D:\TOMCAT\apache-tomcat-10.1.49-windows-x64\apache-tomcat-10.1.49
07-Dec-2025 17:48:32.186 INFO [main] org.apache.catalina.startup.VersionLoggerListener.log Command line argument: --add-opens=java.base/java.lang=ALL-UNNAMED
07-Dec-2025 17:48:32.186 INFO [main] org.apache.catalina.startup.VersionLoggerListener.log Command line argument: --add-opens=java.base/java.io=ALL-UNNAMED
07-Dec-2025 17:48:32.186 INFO [main] org.apache.catalina.startup.VersionLoggerListener.log Command line argument: --add-opens=java.base/java.util=ALL-UNNAMED
07-Dec-2025 17:48:32.186 INFO [main] org.apache.catalina.startup.VersionLoggerListener.log Command line argument: --add-opens=java.base/java.util.concurrent=ALL-UNNAMED
07-Dec-2025 17:48:32.186 INFO [main] org.apache.catalina.startup.VersionLoggerListener.log Command line argument: --add-opens=java.rmi/sun.rmi.transport=ALL-UNNAMED
07-Dec-2025 17:48:32.186 INFO [main] org.apache.catalina.startup.VersionLoggerListener.log Command line argument: -Dcatalina.home=D:\TOMCAT\apache-tomcat-10.1.49-windows-x64\apache-tomcat-10.1.49
07-Dec-2025 17:48:32.187 INFO [main] org.apache.catalina.startup.VersionLoggerListener.log Command line argument: -Dcatalina.base=C:\Users\Кирилл\IdeaProjects\WebDev3\src\main\webapp
07-Dec-2025 17:48:32.187 INFO [main] org.apache.catalina.startup.VersionLoggerListener.log Command line argument: -Djava.io.tmpdir=C:\Users\Кирилл\IdeaProjects\WebDev3\src\main\webapp\temp
07-Dec-2025 17:48:32.187 INFO [main] org.apache.catalina.startup.VersionLoggerListener.log Command line argument: -Djava.util.logging.config.file=C:\Users\Кирилл\IdeaProjects\WebDev3\src\main\webapp\conf\logging.properties
07-Dec-2025 17:48:32.187 INFO [main] org.apache.catalina.startup.VersionLoggerListener.log Command line argument: -Djava.util.logging.manager=org.apache.juli.ClassLoaderLogManager
07-Dec-2025 17:48:32.187 INFO [main] org.apache.catalina.startup.VersionLoggerListener.log Command line argument: -javaagent:C:\Program Files\JetBrains\IntelliJ IDEA 2025.2.3\lib\idea_rt.jar=52584
07-Dec-2025 17:48:32.187 INFO [main] org.apache.catalina.startup.VersionLoggerListener.log Command line argument: -Dfile.encoding=UTF-8
07-Dec-2025 17:48:32.187 INFO [main] org.apache.catalina.startup.VersionLoggerListener.log Command line argument: -Dsun.stdout.encoding=UTF-8
07-Dec-2025 17:48:32.187 INFO [main] org.apache.catalina.startup.VersionLoggerListener.log Command line argument: -Dsun.stderr.encoding=UTF-8
07-Dec-2025 17:48:32.262 INFO [main] org.apache.catalina.core.AprLifecycleListener.lifecycleEvent Loaded Apache Tomcat Native library [2.0.9] using APR version [1.7.6].
07-Dec-2025 17:48:32.279 INFO [main] org.apache.catalina.core.AprLifecycleListener.initializeSSL OpenSSL successfully initialized [OpenSSL 3.5.0 8 Apr 2025]
07-Dec-2025 17:48:32.652 INFO [main] org.apache.coyote.AbstractProtocol.init Initializing ProtocolHandler ["http-nio-8080"]
07-Dec-2025 17:48:32.671 INFO [main] org.apache.catalina.startup.Catalina.load Server initialization in [839] milliseconds
07-Dec-2025 17:48:32.761 INFO [main] org.apache.catalina.core.StandardService.startInternal Starting service [Catalina]
07-Dec-2025 17:48:32.761 INFO [main] org.apache.catalina.core.StandardEngine.startInternal Starting Servlet engine: [Apache Tomcat/10.1.49]
07-Dec-2025 17:48:32.778 INFO [main] org.apache.catalina.startup.HostConfig.deployDescriptor Deploying deployment descriptor [C:\Users\Кирилл\IdeaProjects\WebDev3\src\main\webapp\conf\Catalina\localhost\WebDev3.xml]
07-Dec-2025 17:48:33.506 INFO [main] org.apache.jasper.servlet.TldScanner.scanJars At least one JAR was scanned for TLDs yet contained no TLDs. Enable debug logging for this logger for a complete list of JARs that were scanned but no TLDs were found in them. Skipping unneeded JARs during scanning can improve startup time and JSP compilation time.
07-Dec-2025 17:48:33.564 INFO [main] org.apache.catalina.startup.HostConfig.deployDescriptor Deployment of deployment descriptor [C:\Users\Кирилл\IdeaProjects\WebDev3\src\main\webapp\conf\Catalina\localhost\WebDev3.xml] has finished in [786] ms
07-Dec-2025 17:48:33.568 INFO [main] org.apache.coyote.AbstractProtocol.start Starting ProtocolHandler ["http-nio-8080"]
07-Dec-2025 17:48:33.597 INFO [main] org.apache.catalina.startup.Catalina.start Server startup in [926] milliseconds
07-Dec-2025 17:59:04.924 INFO [Thread-1] org.apache.coyote.AbstractProtocol.pause Pausing ProtocolHandler ["http-nio-8080"]
07-Dec-2025 17:59:04.928 INFO [Thread-1] org.apache.catalina.core.StandardService.stopInternal Stopping service [Catalina]
07-Dec-2025 17:59:04.934 WARNING [Thread-1] org.apache.catalina.loader.WebappClassLoaderBase.clearReferencesJdbc The web application [WebDev3] registered the JDBC driver [org.sqlite.JDBC] but failed to unregister it when the web application was stopped. To prevent a memory leak, the JDBC Driver has been forcibly unregistered.
07-Dec-2025 17:59:04.944 INFO [Thread-1] org.apache.coyote.AbstractProtocol.stop Stopping ProtocolHandler ["http-nio-8080"]
07-Dec-2025 17:59:04.953 INFO [Thread-1] org.apache.coyote.AbstractProtocol.destroy Destroying ProtocolHandler ["http-nio-8080"]
07-Dec-2025 17:59:20.686 INFO [main] org.apache.catalina.startup.VersionLoggerListener.log Server version name:   Apache Tomcat/10.1.49
07-Dec-2025 17:59:20.690 INFO [main] org.apache.catalina.startup.VersionLoggerListener.log Server built:          Nov 6 2025 01:31:11 UTC
07-Dec-2025 17:59:20.690 INFO [main] org.apache.catalina.startup.VersionLoggerListener.log Server version number: 10.1.49.0
07-Dec-2025 17:59:20.690 INFO [main] org.apache.catalina.startup.VersionLoggerListener.log OS Name:               Windows 10
07-Dec-2025 17:59:20.691 INFO [main] org.apache.catalina.startup.VersionLoggerListener.log OS Version:            10.0
07-Dec-2025 17:59:20.691 INFO [main] org.apache.catalina.startup.VersionLoggerListener.log Architecture:          amd64
07-Dec-2025 17:59:20.691 INFO [main] org.apache.catalina.startup.VersionLoggerListener.log Java Home:             C:\Users\Кирилл\.jdks\openjdk-24.0.1
07-Dec-2025 17:59:20.691 INFO [main] org.apache.catalina.startup.VersionLoggerListener.log JVM Version:           24.0.1+9-30
07-Dec-2025 17:59:20.691 INFO [main] org.apache.catalina.startup.VersionLoggerListener.log JVM Vendor:            Oracle Corporation
07-Dec-2025 17:59:20.691 INFO [main] org.apache.catalina.startup.VersionLoggerListener.log CATALINA_BASE:         C:\Users\Кирилл\IdeaProjects\WebDev3\src\main\webapp
07-Dec-2025 17:59:20.692 INFO [main] org.apache.catalina.startup.VersionLoggerListener.log CATALINA_HOME:         D:\TOMCAT\apache-tomcat-10.1.49-windows-x64\apache-tomcat-10.1.49
07-Dec-2025 17:59:20.705 INFO [main] org.apache.catalina.startup.VersionLoggerListener.log Command line argument: --add-opens=java.base/java.lang=ALL-UNNAMED
07-Dec-2025 17:59:20.706 INFO [main] org.apache.catalina.startup.VersionLoggerListener.log Command line argument: --add-opens=java.base/java.io=ALL-UNNAMED
07-Dec-2025 17:59:20.706 INFO [main] org.apache.catalina.startup.VersionLoggerListener.log Command line argument: --add-opens=java.base/java.util=ALL-UNNAMED
07-Dec-2025 17:59:20.706 INFO [main] org.apache.catalina.startup.VersionLoggerListener.log Command line argument: --add-opens=java.base/java.util.concurrent=ALL-UNNAMED
07-Dec-2025 17:59:20.706 INFO [main] org.apache.catalina.startup.VersionLoggerListener.log Command line argument: --add-opens=java.rmi/sun.rmi.transport=ALL-UNNAMED
07-Dec-2025 17:59:20.706 INFO [main] org.apache.catalina.startup.VersionLoggerListener.log Command line argument: -Dcatalina.home=D:\TOMCAT\apache-tomcat-10.1.49-windows-x64\apache-tomcat-10.1.49
07-Dec-2025 17:59:20.706 INFO [main] org.apache.catalina.startup.VersionLoggerListener.log Command line argument: -Dcatalina.base=C:\Users\Кирилл\IdeaProjects\WebDev3\src\main\webapp
07-Dec-2025 17:59:20.706 INFO [main] org.apache.catalina.startup.VersionLoggerListener.log Command line argument: -Djava.io.tmpdir=C:\Users\Кирилл\IdeaProjects\WebDev3\src\main\webapp\temp
07-Dec-2025 17:59:20.706 INFO [main] org.apache.catalina.startup.VersionLoggerListener.log Command line argument: -Djava.util.logging.config.file=C:\Users\Кирилл\IdeaProjects\WebDev3\src\main\webapp\conf\logging.properties
07-Dec-2025 17:59:20.707 INFO [main] org.apache.catalina.startup.VersionLoggerListener.log Command line argument: -Djava.util.logging.manager=org.apache.juli.ClassLoaderLogManager
07-Dec-2025 17:59:20.707 INFO [main] org.apache.catalina.startup.VersionLoggerListener.log Command line argument: -javaagent:C:\Program Files\JetBrains\IntelliJ IDEA 2025.2.3\lib\idea_rt.jar=53831
07-Dec-2025 17:59:20.707 INFO [main] org.apache.catalina.startup.VersionLoggerListener.log Command line argument: -Dfile.encoding=UTF-8
07-Dec-2025 17:59:20.707 INFO [main] org.apache.catalina.startup.VersionLoggerListener.log Command line argument: -Dsun.stdout.encoding=UTF-8
07-Dec-2025 17:59:20.707 INFO [main] org.apache.catalina.startup.VersionLoggerListener.log Command line argument: -Dsun.stderr.encoding=UTF-8
07-Dec-2025 17:59:20.747 INFO [main] org.apache.catalina.core.AprLifecycleListener.lifecycleEvent Loaded Apache Tomcat Native library [2.0.9] using APR version [1.7.6].
07-Dec-2025 17:59:20.756 INFO [main] org.apache.catalina.core.AprLifecycleListener.initializeSSL OpenSSL successfully initialized [OpenSSL 3.5.0 8 Apr 2025]
07-Dec-2025 17:59:21.144 INFO [main] org.apache.coyote.AbstractProtocol.init Initializing ProtocolHandler ["http-nio-8080"]
07-Dec-2025 17:59:21.163 INFO [main] org.apache.catalina.startup.Catalina.load Server initialization in [882] milliseconds
07-Dec-2025 17:59:21.220 INFO [main] org.apache.catalina.core.StandardService.startInternal Starting service [Catalina]
07-Dec-2025 17:59:21.221 INFO [main] org.apache.catalina.core.StandardEngine.startInternal Starting Servlet engine: [Apache Tomcat/10.1.49]
07-Dec-2025 17:59:21.237 INFO [main] org.apache.catalina.startup.HostConfig.deployDescriptor Deploying deployment descriptor [C:\Users\Кирилл\IdeaProjects\WebDev3\src\main\webapp\conf\Catalina\localhost\WebDev3.xml]
07-Dec-2025 17:59:21.910 INFO [main] org.apache.jasper.servlet.TldScanner.scanJars At least one JAR was scanned for TLDs yet contained no TLDs. Enable debug logging for this logger for a complete list of JARs that were scanned but no TLDs were found in them. Skipping unneeded JARs during scanning can improve startup time and JSP compilation time.
07-Dec-2025 17:59:21.961 INFO [main] org.apache.catalina.startup.HostConfig.deployDescriptor Deployment of deployment descriptor [C:\Users\Кирилл\IdeaProjects\WebDev3\src\main\webapp\conf\Catalina\localhost\WebDev3.xml] has finished in [723] ms
07-Dec-2025 17:59:21.964 INFO [main] org.apache.coyote.AbstractProtocol.start Starting ProtocolHandler ["http-nio-8080"]
07-Dec-2025 17:59:21.990 INFO [main] org.apache.catalina.startup.Catalina.start Server startup in [827] milliseconds
07-Dec-2025 20:05:52.829 INFO [Thread-1] org.apache.coyote.AbstractProtocol.pause Pausing ProtocolHandler ["http-nio-8080"]
07-Dec-2025 20:05:52.834 INFO [Thread-1] org.apache.catalina.core.StandardService.stopInternal Stopping service [Catalina]
07-Dec-2025 20:05:52.846 WARNING [Thread-1] org.apache.catalina.loader.WebappClassLoaderBase.clearReferencesJdbc The web application [WebDev3] registered the JDBC driver [org.sqlite.JDBC] but failed to unregister it when the web application was stopped. To prevent a memory leak, the JDBC Driver has been forcibly unregistered.
07-Dec-2025 20:05:52.857 INFO [Thread-1] org.apache.coyote.AbstractProtocol.stop Stopping ProtocolHandler ["http-nio-8080"]
07-Dec-2025 20:05:52.870 INFO [Thread-1] org.apache.coyote.AbstractProtocol.destroy Destroying ProtocolHandler ["http-nio-8080"]
